Arguments: 
  /usr/local/lib/nodejs/node-v16.13.1-linux-x64/bin/node /home/jarry/.npm-global/bin/yarn add express cors helmet morgen express-async-errors

PATH: 
  /home/jarry/.vscode-server/bin/899d46d82c4c95423fb7e10e68eba52050e30ba3/bin:/home/jarry/.npm-global/bin:/usr/local/lib/nodejs/node-v16.13.1-linux-x64/bin:/usr/local/sbin:/usr/local/bin:/usr/sbin:/usr/bin:/sbin:/bin:/usr/games:/usr/local/games:/usr/lib/wsl/lib:/mnt/c/Windows/system32:/mnt/c/Windows:/mnt/c/Windows/System32/Wbem:/mnt/c/Windows/System32/WindowsPowerShell/v1.0/:/mnt/c/Windows/System32/OpenSSH/:/mnt/c/Program Files (x86)/NVIDIA Corporation/PhysX/Common:/mnt/c/Program Files/NVIDIA Corporation/NVIDIA NvDLISR:/mnt/c/HashiCorp/Vagrant/bin:/mnt/c/Program Files/dotnet/:/mnt/c/Program Files/nodejs/:/mnt/c/Program Files/Go/bin:/mnt/c/ProgramData/chocolatey/bin:/mnt/c/Program Files/PuTTY/:/mnt/c/Program Files/Git/cmd:/mnt/c/Program Files/Docker/Docker/resources/bin:/mnt/c/ProgramData/DockerDesktop/version-bin:/mnt/c/Users/ethan/AppData/Local/Microsoft/WindowsApps:/mnt/c/Users/ethan/AppData/Local/Programs/Microsoft VS Code/bin:/mnt/c/Program Files/Bandizip/:/mnt/c/Users/ethan/AppData/Roaming/npm:/mnt/c/Users/ethan/go/bin:/snap/bin

Yarn version: 
  1.22.17

Node version: 
  16.13.1

Platform: 
  linux x64

Trace: 
  Error: https://registry.yarnpkg.com/morgen: Not found
      at Request.params.callback [as _callback] (/home/jarry/.npm-global/lib/node_modules/yarn/lib/cli.js:67029:18)
      at Request.self.callback (/home/jarry/.npm-global/lib/node_modules/yarn/lib/cli.js:140883:22)
      at Request.emit (node:events:390:28)
      at Request.<anonymous> (/home/jarry/.npm-global/lib/node_modules/yarn/lib/cli.js:141855:10)
      at Request.emit (node:events:390:28)
      at IncomingMessage.<anonymous> (/home/jarry/.npm-global/lib/node_modules/yarn/lib/cli.js:141777:12)
      at Object.onceWrapper (node:events:509:28)
      at IncomingMessage.emit (node:events:402:35)
      at endReadableNT (node:internal/streams/readable:1343:12)
      at processTicksAndRejections (node:internal/process/task_queues:83:21)

npm manifest: 
  {
    "name": "dwitter",
    "version": "1.0.0",
    "description": "dwitter clonecoding server",
    "main": "app.js",
    "scripts": {
      "test": "echo \"Error: no test specified\" && exit 1"
    },
    "repository": {
      "type": "git",
      "url": "git+ssh://git@github.com/smshack/dwiter-server.git"
    },
    "author": "Dream coding Academy",
    "license": "ISC",
    "bugs": {
      "url": "https://github.com/smshack/dwiter-server/issues"
    },
    "homepage": "https://github.com/smshack/dwiter-server#readme"
  }

yarn manifest: 
  No manifest

Lockfile: 
  No lockfile
